# JRE version: Java(TM) SE Runtime Environment (8.0_212-b10) (build 1.8.0_212-b10)
# Java VM: Java HotSpot(TM) 64-Bit Server VM (25.212-b10 mixed mode windows-amd64 compressed oops)
Heap:
 PSYoungGen      total 392192K, used 136365K [0x00000000d5580000, 0x00000000efc80000, 0x0000000100000000)
  eden space 361472K, 29% used [0x00000000d5580000,0x00000000dbcb0cb8,0x00000000eb680000)
  from space 30720K, 99% used [0x00000000edd00000,0x00000000efafa888,0x00000000efb00000)
  to   space 35840K, 0% used [0x00000000eb680000,0x00000000eb680000,0x00000000ed980000)
 ParOldGen       total 199680K, used 67102K [0x0000000080000000, 0x000000008c300000, 0x00000000d5580000)
  object space 199680K, 33% used [0x0000000080000000,0x0000000084187800,0x000000008c300000)
 Metaspace       used 88304K, capacity 93180K, committed 93440K, reserved 1130496K
  class space    used 12317K, capacity 13227K, committed 13312K, reserved 1048576K
GC Heap History (10 events):
Event: 11.956 GC heap before
{Heap before GC invocations=11 (full 2):
 PSYoungGen      total 276992K, used 204664K [0x00000000d5580000, 0x00000000e7f00000, 0x0000000100000000)
  eden space 264704K, 72% used [0x00000000d5580000,0x00000000e11649c8,0x00000000e5800000)
  from space 12288K, 99% used [0x00000000e7300000,0x00000000e7ef9930,0x00000000e7f00000)
  to   space 15360K, 0% used [0x00000000e6100000,0x00000000e6100000,0x00000000e7000000)
 ParOldGen       total 120832K, used 19315K [0x0000000080000000, 0x0000000087600000, 0x00000000d5580000)
  object space 120832K, 15% used [0x0000000080000000,0x00000000812dcef8,0x0000000087600000)
 Metaspace       used 56510K, capacity 58972K, committed 59028K, reserved 1099776K
  class space    used 7697K, capacity 8185K, committed 8192K, reserved 1048576K
Event: 12.007 GC heap after
Heap after GC invocations=11 (full 2):
 PSYoungGen      total 289280K, used 15356K [0x00000000d5580000, 0x00000000ebf00000, 0x0000000100000000)
  eden space 273920K, 0% used [0x00000000d5580000,0x00000000d5580000,0x00000000e6100000)
  from space 15360K, 99% used [0x00000000e6100000,0x00000000e6fff320,0x00000000e7000000)
  to   space 23552K, 0% used [0x00000000ea800000,0x00000000ea800000,0x00000000ebf00000)
 ParOldGen       total 120832K, used 36119K [0x0000000080000000, 0x0000000087600000, 0x00000000d5580000)
  object space 120832K, 29% used [0x0000000080000000,0x0000000082345d10,0x0000000087600000)
 Metaspace       used 56510K, capacity 58972K, committed 59028K, reserved 1099776K
  class space    used 7697K, capacity 8185K, committed 8192K, reserved 1048576K
}
Event: 12.007 GC heap before
{Heap before GC invocations=12 (full 3):
 PSYoungGen      total 289280K, used 15356K [0x00000000d5580000, 0x00000000ebf00000, 0x0000000100000000)
  eden space 273920K, 0% used [0x00000000d5580000,0x00000000d5580000,0x00000000e6100000)
  from space 15360K, 99% used [0x00000000e6100000,0x00000000e6fff320,0x00000000e7000000)
  to   space 23552K, 0% used [0x00000000ea800000,0x00000000ea800000,0x00000000ebf00000)
 ParOldGen       total 120832K, used 36119K [0x0000000080000000, 0x0000000087600000, 0x00000000d5580000)
  object space 120832K, 29% used [0x0000000080000000,0x0000000082345d10,0x0000000087600000)
 Metaspace       used 56510K, capacity 58972K, committed 59028K, reserved 1099776K
  class space    used 7697K, capacity 8185K, committed 8192K, reserved 1048576K
Event: 12.331 GC heap after
Heap after GC invocations=12 (full 3):
 PSYoungGen      total 289280K, used 0K [0x00000000d5580000, 0x00000000ebf00000, 0x0000000100000000)
  eden space 273920K, 0% used [0x00000000d5580000,0x00000000d5580000,0x00000000e6100000)
  from space 15360K, 0% used [0x00000000e6100000,0x00000000e6100000,0x00000000e7000000)
  to   space 23552K, 0% used [0x00000000ea800000,0x00000000ea800000,0x00000000ebf00000)
 ParOldGen       total 199680K, used 44650K [0x0000000080000000, 0x000000008c300000, 0x00000000d5580000)
  object space 199680K, 22% used [0x0000000080000000,0x0000000082b9a820,0x000000008c300000)
 Metaspace       used 56478K, capacity 58864K, committed 59028K, reserved 1099776K
  class space    used 7687K, capacity 8167K, committed 8192K, reserved 1048576K
}
Event: 16.506 GC heap before
{Heap before GC invocations=13 (full 3):
 PSYoungGen      total 289280K, used 273920K [0x00000000d5580000, 0x00000000ebf00000, 0x0000000100000000)
  eden space 273920K, 100% used [0x00000000d5580000,0x00000000e6100000,0x00000000e6100000)
  from space 15360K, 0% used [0x00000000e6100000,0x00000000e6100000,0x00000000e7000000)
  to   space 23552K, 0% used [0x00000000ea800000,0x00000000ea800000,0x00000000ebf00000)
 ParOldGen       total 199680K, used 44650K [0x0000000080000000, 0x000000008c300000, 0x00000000d5580000)
  object space 199680K, 22% used [0x0000000080000000,0x0000000082b9a820,0x000000008c300000)
 Metaspace       used 69990K, capacity 73702K, committed 73856K, reserved 1112064K
  class space    used 9797K, capacity 10500K, committed 10624K, reserved 1048576K
Event: 16.540 GC heap after
Heap after GC invocations=13 (full 3):
 PSYoungGen      total 341504K, used 23550K [0x00000000d5580000, 0x00000000ec580000, 0x0000000100000000)
  eden space 317952K, 0% used [0x00000000d5580000,0x00000000d5580000,0x00000000e8c00000)
  from space 23552K, 99% used [0x00000000ea800000,0x00000000ebeff9c8,0x00000000ebf00000)
  to   space 28672K, 0% used [0x00000000e8c00000,0x00000000e8c00000,0x00000000ea800000)
 ParOldGen       total 199680K, used 49448K [0x0000000080000000, 0x000000008c300000, 0x00000000d5580000)
  object space 199680K, 24% used [0x0000000080000000,0x000000008304a238,0x000000008c300000)
 Metaspace       used 69990K, capacity 73702K, committed 73856K, reserved 1112064K
  class space    used 9797K, capacity 10500K, committed 10624K, reserved 1048576K
}
Event: 19.525 GC heap before
{Heap before GC invocations=14 (full 3):
 PSYoungGen      total 341504K, used 341502K [0x00000000d5580000, 0x00000000ec580000, 0x0000000100000000)
  eden space 317952K, 100% used [0x00000000d5580000,0x00000000e8c00000,0x00000000e8c00000)
  from space 23552K, 99% used [0x00000000ea800000,0x00000000ebeff9c8,0x00000000ebf00000)
  to   space 28672K, 0% used [0x00000000e8c00000,0x00000000e8c00000,0x00000000ea800000)
 ParOldGen       total 199680K, used 49448K [0x0000000080000000, 0x000000008c300000, 0x00000000d5580000)
  object space 199680K, 24% used [0x0000000080000000,0x000000008304a238,0x000000008c300000)
 Metaspace       used 74995K, capacity 78756K, committed 78976K, reserved 1118208K
  class space    used 10405K, capacity 11101K, committed 11136K, reserved 1048576K
Event: 19.574 GC heap after
Heap after GC invocations=14 (full 3):
 PSYoungGen      total 346624K, used 23251K [0x00000000d5580000, 0x00000000efb00000, 0x0000000100000000)
  eden space 317952K, 0% used [0x00000000d5580000,0x00000000d5580000,0x00000000e8c00000)
  from space 28672K, 81% used [0x00000000e8c00000,0x00000000ea2b4ec0,0x00000000ea800000)
  to   space 30720K, 0% used [0x00000000edd00000,0x00000000edd00000,0x00000000efb00000)
 ParOldGen       total 199680K, used 64833K [0x0000000080000000, 0x000000008c300000, 0x00000000d5580000)
  object space 199680K, 32% used [0x0000000080000000,0x0000000083f50738,0x000000008c300000)
 Metaspace       used 74995K, capacity 78756K, committed 78976K, reserved 1118208K
  class space    used 10405K, capacity 11101K, committed 11136K, reserved 1048576K
}
Event: 59.152 GC heap before
{Heap before GC invocations=15 (full 3):
 PSYoungGen      total 346624K, used 341203K [0x00000000d5580000, 0x00000000efb00000, 0x0000000100000000)
  eden space 317952K, 100% used [0x00000000d5580000,0x00000000e8c00000,0x00000000e8c00000)
  from space 28672K, 81% used [0x00000000e8c00000,0x00000000ea2b4ec0,0x00000000ea800000)
  to   space 30720K, 0% used [0x00000000edd00000,0x00000000edd00000,0x00000000efb00000)
 ParOldGen       total 199680K, used 64833K [0x0000000080000000, 0x000000008c300000, 0x00000000d5580000)
  object space 199680K, 32% used [0x0000000080000000,0x0000000083f50738,0x000000008c300000)
 Metaspace       used 79566K, capacity 83660K, committed 83840K, reserved 1122304K
  class space    used 11050K, capacity 11809K, committed 11904K, reserved 1048576K
Event: 59.228 GC heap after
Heap after GC invocations=15 (full 3):
 PSYoungGen      total 392192K, used 30698K [0x00000000d5580000, 0x00000000efc80000, 0x0000000100000000)
  eden space 361472K, 0% used [0x00000000d5580000,0x00000000d5580000,0x00000000eb680000)
  from space 30720K, 99% used [0x00000000edd00000,0x00000000efafa888,0x00000000efb00000)
  to   space 35840K, 0% used [0x00000000eb680000,0x00000000eb680000,0x00000000ed980000)
 ParOldGen       total 199680K, used 67102K [0x0000000080000000, 0x000000008c300000, 0x00000000d5580000)
  object space 199680K, 33% used [0x0000000080000000,0x0000000084187800,0x000000008c300000)
 Metaspace       used 79566K, capacity 83660K, committed 83840K, reserved 1122304K
  class space    used 11050K, capacity 11809K, committed 11904K, reserved 1048576K
}

